<?xml version="1.0" encoding="UTF-8"?>
<testng-results skipped="0" failed="0" ignored="0" total="0" passed="0">
  <reporter-output>
  </reporter-output>
  <suite name="cucumberJava.runTest" duration-ms="16" started-at="2017-05-17T14:21:06Z" finished-at="2017-05-17T14:21:06Z">
    <groups>
    </groups>
    <test name="Command line test" duration-ms="16" started-at="2017-05-17T14:21:06Z" finished-at="2017-05-17T14:21:06Z">
    </test> <!-- Command line test -->
  </suite> <!-- cucumberJava.runTest -->
</testng-results>
