<?xml version="1.0" encoding="UTF-8" ?>
<testsuite tests="20" failures="0" name="cucumberJava.runTest" time="0.031" errors="0" skipped="0">
  <properties>
[...]
</properties>
  <testcase classname="Given I open the app   " name="Given I open the app   " time="0"/>
  <testcase classname="When I enter Usuario as &quot;trytryte&quot; and Contrasena as &quot;trytryte&quot;    " name="When I enter Usuario as &quot;trytryte&quot; and Contrasena as &quot;trytryte&quot;    " time="0"/>
  <testcase classname="Then login should be unsuccessful     " name="Then login should be unsuccessful     " time="0"/>
  <testcase classname="Scenario: Login functionality no exists 1  " name="Scenario: Login functionality no exists 1  " time="0.015"/>
  <testcase classname="Given I open the app       " name="Given I open the app       " time="0"/>
  <testcase classname="When I enter Usuario as &quot;&quot; and Contrasena as &quot;&quot;        " name="When I enter Usuario as &quot;&quot; and Contrasena as &quot;&quot;        " time="0"/>
  <testcase classname="Then login should be unsuccessful         " name="Then login should be unsuccessful         " time="0"/>
  <testcase classname="Scenario: Login functionality no exists 2      " name="Scenario: Login functionality no exists 2      " time="0.016"/>
  <testcase classname="Given I open the app           " name="Given I open the app           " time="0"/>
  <testcase classname="When I enter Usuario as &quot;pepepotamo&quot; and Contrasena as &quot;&quot;            " name="When I enter Usuario as &quot;pepepotamo&quot; and Contrasena as &quot;&quot;            " time="0"/>
  <testcase classname="Then login should be unsuccessful             " name="Then login should be unsuccessful             " time="0"/>
  <testcase classname="Scenario: Login functionality no exists 3          " name="Scenario: Login functionality no exists 3          " time="0"/>
  <testcase classname="Given I open the app               " name="Given I open the app               " time="0"/>
  <testcase classname="When I enter Usuario as &quot;&quot; and Contrasena as &quot;pepe&quot;                " name="When I enter Usuario as &quot;&quot; and Contrasena as &quot;pepe&quot;                " time="0"/>
  <testcase classname="Then login should be unsuccessful                 " name="Then login should be unsuccessful                 " time="0"/>
  <testcase classname="Scenario: Login functionality no exists 4              " name="Scenario: Login functionality no exists 4              " time="0"/>
  <testcase classname="Given I open the app                   " name="Given I open the app                   " time="0"/>
  <testcase classname="When I enter Usuario as &quot;iber4&quot; and Contrasena as &quot;iber4&quot;                    " name="When I enter Usuario as &quot;iber4&quot; and Contrasena as &quot;iber4&quot;                    " time="0"/>
  <testcase classname="Then login should be successful                     " name="Then login should be successful                     " time="0"/>
  <testcase classname="Scenario: Login functionality exists                  " name="Scenario: Login functionality exists                  " time="0"/>
</testsuite>